  If_03.c
C:\Users\user\source\repos\Day003\Exam_03\If_03.c(15,10): error C2059: 구문 오류: 'case'
C:\Users\user\source\repos\Day003\Exam_03\If_03.c(16,17): error C2143: 구문 오류: ':'이(가) ';' 앞에 없습니다.
C:\Users\user\source\repos\Day003\Exam_03\If_03.c(16,24): error C2065: 'year': 선언되지 않은 식별자입니다.
C:\Users\user\source\repos\Day003\Exam_03\If_03.c(17,9): error C2143: 구문 오류: ':'이(가) ';' 앞에 없습니다.
C:\Users\user\source\repos\Day003\Exam_03\If_03.c(17,17): error C2143: 구문 오류: ':'이(가) ';' 앞에 없습니다.
C:\Users\user\source\repos\Day003\Exam_03\If_03.c(17,24): error C2065: 'year': 선언되지 않은 식별자입니다.
C:\Users\user\source\repos\Day003\Exam_03\If_03.c(18,9): error C2143: 구문 오류: ':'이(가) ';' 앞에 없습니다.
C:\Users\user\source\repos\Day003\Exam_03\If_03.c(18,17): error C2143: 구문 오류: ':'이(가) ';' 앞에 없습니다.
C:\Users\user\source\repos\Day003\Exam_03\If_03.c(18,24): error C2065: 'year': 선언되지 않은 식별자입니다.
C:\Users\user\source\repos\Day003\Exam_03\If_03.c(19,16): error C2065: 'year': 선언되지 않은 식별자입니다.
C:\Users\user\source\repos\Day003\Exam_03\If_03.c(16,2): error C2046: 대/소문자가 잘못되었습니다.
C:\Users\user\source\repos\Day003\Exam_03\If_03.c(16,32): error C2043: break가 잘못되었습니다.
C:\Users\user\source\repos\Day003\Exam_03\If_03.c(17,2): error C2046: 대/소문자가 잘못되었습니다.
C:\Users\user\source\repos\Day003\Exam_03\If_03.c(17,32): error C2043: break가 잘못되었습니다.
C:\Users\user\source\repos\Day003\Exam_03\If_03.c(18,2): error C2046: 대/소문자가 잘못되었습니다.
C:\Users\user\source\repos\Day003\Exam_03\If_03.c(18,32): error C2043: break가 잘못되었습니다.
C:\Users\user\source\repos\Day003\Exam_03\If_03.c(19,2): error C2047: 기본값이 잘못되었습니다.
C:\Users\user\source\repos\Day003\Exam_03\If_03.c(22,2): error C2059: 구문 오류: 'if'
C:\Users\user\source\repos\Day003\Exam_03\If_03.c(25,2): error C2059: 구문 오류: 'else'
C:\Users\user\source\repos\Day003\Exam_03\If_03.c(29,2): error C2059: 구문 오류: 'return'
C:\Users\user\source\repos\Day003\Exam_03\If_03.c(31,1): error C2059: 구문 오류: '}'
